Targets: 13000 (skipped top 10000)
Files to modify: 23
Resuming from checkpoint: 0 already processed
Warming up Gemma...
Ready.
  25/13000 ok=24 fail=1 rate=0.16/s ETA=1391m file=worldbank.jsonl
  50/13000 ok=49 fail=1 rate=0.22/s ETA=979m file=worldbank.jsonl
  75/13000 ok=74 fail=1 rate=0.26/s ETA=840m file=worldbank.jsonl
  100/13000 ok=99 fail=1 rate=0.28/s ETA=770m file=worldbank.jsonl
  125/13000 ok=124 fail=1 rate=0.29/s ETA=731m file=worldbank.jsonl
  150/13000 ok=149 fail=1 rate=0.31/s ETA=700m file=worldbank.jsonl
  175/13000 ok=174 fail=1 rate=0.32/s ETA=677m file=worldbank.jsonl
  200/13000 ok=199 fail=1 rate=0.33/s ETA=654m file=worldbank.jsonl
  225/13000 ok=224 fail=1 rate=0.33/s ETA=636m file=worldbank.jsonl
  250/13000 ok=249 fail=1 rate=0.34/s ETA=621m file=worldbank.jsonl
  275/13000 ok=274 fail=1 rate=0.35/s ETA=613m file=worldbank.jsonl
  300/13000 ok=299 fail=1 rate=0.35/s ETA=603m file=worldbank.jsonl
  325/13000 ok=324 fail=1 rate=0.35/s ETA=597m file=worldbank.jsonl
  350/13000 ok=349 fail=1 rate=0.36/s ETA=593m file=worldbank.jsonl
  375/13000 ok=374 fail=1 rate=0.36/s ETA=586m file=worldbank.jsonl
  400/13000 ok=399 fail=1 rate=0.36/s ETA=580m file=worldbank.jsonl
  425/13000 ok=424 fail=1 rate=0.36/s ETA=576m file=worldbank.jsonl
  450/13000 ok=449 fail=1 rate=0.36/s ETA=574m file=worldbank.jsonl
  475/13000 ok=474 fail=1 rate=0.37/s ETA=571m file=worldbank.jsonl
  500/13000 ok=499 fail=1 rate=0.37/s ETA=567m file=worldbank.jsonl
  525/13000 ok=524 fail=1 rate=0.37/s ETA=563m file=worldbank.jsonl
  550/13000 ok=549 fail=1 rate=0.37/s ETA=558m file=worldbank.jsonl
  575/13000 ok=574 fail=1 rate=0.37/s ETA=555m file=worldbank.jsonl
  600/13000 ok=599 fail=1 rate=0.37/s ETA=554m file=worldbank.jsonl
  625/13000 ok=624 fail=1 rate=0.37/s ETA=552m file=worldbank.jsonl
  650/13000 ok=649 fail=1 rate=0.38/s ETA=548m file=worldbank.jsonl
  675/13000 ok=674 fail=1 rate=0.38/s ETA=546m file=worldbank.jsonl
  700/13000 ok=699 fail=1 rate=0.38/s ETA=542m file=worldbank.jsonl
  725/13000 ok=724 fail=1 rate=0.38/s ETA=541m file=worldbank.jsonl
  750/13000 ok=749 fail=1 rate=0.38/s ETA=540m file=worldbank.jsonl
  775/13000 ok=774 fail=1 rate=0.38/s ETA=539m file=worldbank.jsonl
  800/13000 ok=799 fail=1 rate=0.38/s ETA=538m file=worldbank.jsonl
  825/13000 ok=824 fail=1 rate=0.38/s ETA=537m file=worldbank.jsonl
  850/13000 ok=849 fail=1 rate=0.38/s ETA=536m file=worldbank.jsonl
  875/13000 ok=874 fail=1 rate=0.38/s ETA=534m file=worldbank.jsonl
  900/13000 ok=899 fail=1 rate=0.38/s ETA=532m file=worldbank.jsonl
  925/13000 ok=924 fail=1 rate=0.38/s ETA=529m file=worldbank.jsonl
  950/13000 ok=949 fail=1 rate=0.38/s ETA=528m file=worldbank.jsonl
  975/13000 ok=974 fail=1 rate=0.38/s ETA=527m file=worldbank.jsonl
  1000/13000 ok=999 fail=1 rate=0.38/s ETA=525m file=worldbank.jsonl
  1025/13000 ok=1024 fail=1 rate=0.38/s ETA=523m file=worldbank.jsonl
  1050/13000 ok=1049 fail=1 rate=0.38/s ETA=521m file=worldbank.jsonl
  1075/13000 ok=1074 fail=1 rate=0.38/s ETA=519m file=worldbank.jsonl
  1100/13000 ok=1099 fail=1 rate=0.38/s ETA=517m file=worldbank.jsonl
  1125/13000 ok=1124 fail=1 rate=0.38/s ETA=515m file=worldbank.jsonl
  1150/13000 ok=1149 fail=1 rate=0.39/s ETA=512m file=worldbank.jsonl
  1175/13000 ok=1174 fail=1 rate=0.39/s ETA=510m file=worldbank.jsonl
  1200/13000 ok=1199 fail=1 rate=0.39/s ETA=508m file=worldbank.jsonl
  1225/13000 ok=1224 fail=1 rate=0.39/s ETA=507m file=worldbank.jsonl
  1250/13000 ok=1249 fail=1 rate=0.39/s ETA=505m file=worldbank.jsonl
  1275/13000 ok=1274 fail=1 rate=0.39/s ETA=504m file=worldbank.jsonl
  1300/13000 ok=1299 fail=1 rate=0.39/s ETA=503m file=worldbank.jsonl
  1325/13000 ok=1324 fail=1 rate=0.39/s ETA=502m file=worldbank.jsonl
  1350/13000 ok=1349 fail=1 rate=0.39/s ETA=501m file=worldbank.jsonl
  1375/13000 ok=1374 fail=1 rate=0.39/s ETA=499m file=worldbank.jsonl
  1400/13000 ok=1399 fail=1 rate=0.39/s ETA=498m file=worldbank.jsonl
  1425/13000 ok=1424 fail=1 rate=0.39/s ETA=496m file=worldbank.jsonl
  1450/13000 ok=1449 fail=1 rate=0.39/s ETA=495m file=worldbank.jsonl
  1475/13000 ok=1474 fail=1 rate=0.39/s ETA=493m file=worldbank.jsonl
  1500/13000 ok=1499 fail=1 rate=0.39/s ETA=491m file=worldbank.jsonl
  1525/13000 ok=1524 fail=1 rate=0.39/s ETA=489m file=worldbank.jsonl
  1550/13000 ok=1549 fail=1 rate=0.39/s ETA=487m file=worldbank.jsonl
  1575/13000 ok=1574 fail=1 rate=0.39/s ETA=486m file=worldbank.jsonl
  1600/13000 ok=1599 fail=1 rate=0.39/s ETA=485m file=worldbank.jsonl
  1625/13000 ok=1624 fail=1 rate=0.39/s ETA=483m file=worldbank.jsonl
  1650/13000 ok=1649 fail=1 rate=0.39/s ETA=482m file=worldbank.jsonl
  1675/13000 ok=1674 fail=1 rate=0.39/s ETA=481m file=worldbank.jsonl
  1700/13000 ok=1699 fail=1 rate=0.39/s ETA=479m file=worldbank.jsonl
  1725/13000 ok=1724 fail=1 rate=0.39/s ETA=478m file=worldbank.jsonl
  1750/13000 ok=1749 fail=1 rate=0.39/s ETA=476m file=worldbank.jsonl
  1775/13000 ok=1774 fail=1 rate=0.39/s ETA=475m file=worldbank.jsonl
  1800/13000 ok=1799 fail=1 rate=0.39/s ETA=473m file=worldbank.jsonl
  1825/13000 ok=1824 fail=1 rate=0.40/s ETA=471m file=worldbank.jsonl
  1850/13000 ok=1849 fail=1 rate=0.40/s ETA=470m file=worldbank.jsonl
  1875/13000 ok=1874 fail=1 rate=0.40/s ETA=468m file=worldbank.jsonl
  1900/13000 ok=1899 fail=1 rate=0.40/s ETA=467m file=worldbank.jsonl
  1925/13000 ok=1924 fail=1 rate=0.40/s ETA=466m file=worldbank.jsonl
  1950/13000 ok=1949 fail=1 rate=0.40/s ETA=464m file=worldbank.jsonl
  1975/13000 ok=1974 fail=1 rate=0.40/s ETA=463m file=worldbank.jsonl
  2000/13000 ok=1999 fail=1 rate=0.40/s ETA=462m file=worldbank.jsonl
  2025/13000 ok=2024 fail=1 rate=0.40/s ETA=460m file=worldbank.jsonl
  2050/13000 ok=2049 fail=1 rate=0.40/s ETA=458m file=worldbank.jsonl
  2075/13000 ok=2074 fail=1 rate=0.40/s ETA=457m file=worldbank.jsonl
  2100/13000 ok=2099 fail=1 rate=0.40/s ETA=456m file=worldbank.jsonl
  2125/13000 ok=2124 fail=1 rate=0.40/s ETA=454m file=worldbank.jsonl
  2150/13000 ok=2149 fail=1 rate=0.40/s ETA=453m file=worldbank.jsonl
  2175/13000 ok=2174 fail=1 rate=0.40/s ETA=452m file=worldbank.jsonl
  2200/13000 ok=2199 fail=1 rate=0.40/s ETA=451m file=worldbank.jsonl
  2225/13000 ok=2224 fail=1 rate=0.40/s ETA=449m file=worldbank.jsonl
  2250/13000 ok=2249 fail=1 rate=0.40/s ETA=448m file=worldbank.jsonl
  2275/13000 ok=2274 fail=1 rate=0.40/s ETA=447m file=worldbank.jsonl
  2300/13000 ok=2299 fail=1 rate=0.40/s ETA=445m file=worldbank.jsonl
  2325/13000 ok=2324 fail=1 rate=0.40/s ETA=444m file=worldbank.jsonl
  2350/13000 ok=2349 fail=1 rate=0.40/s ETA=443m file=worldbank.jsonl
  2375/13000 ok=2374 fail=1 rate=0.40/s ETA=441m file=worldbank.jsonl
  2400/13000 ok=2399 fail=1 rate=0.40/s ETA=440m file=worldbank.jsonl
  2425/13000 ok=2424 fail=1 rate=0.40/s ETA=439m file=worldbank.jsonl
  2450/13000 ok=2449 fail=1 rate=0.40/s ETA=438m file=worldbank.jsonl
  2475/13000 ok=2474 fail=1 rate=0.40/s ETA=437m file=worldbank.jsonl
  2500/13000 ok=2499 fail=1 rate=0.40/s ETA=436m file=worldbank.jsonl
  2525/13000 ok=2524 fail=1 rate=0.40/s ETA=434m file=worldbank.jsonl
  2550/13000 ok=2549 fail=1 rate=0.40/s ETA=433m file=worldbank.jsonl
  2575/13000 ok=2574 fail=1 rate=0.40/s ETA=432m file=worldbank.jsonl
  2600/13000 ok=2599 fail=1 rate=0.40/s ETA=431m file=worldbank.jsonl
  2625/13000 ok=2624 fail=1 rate=0.40/s ETA=430m file=worldbank.jsonl
  2650/13000 ok=2649 fail=1 rate=0.40/s ETA=430m file=worldbank.jsonl
  2675/13000 ok=2674 fail=1 rate=0.40/s ETA=429m file=worldbank.jsonl
  2700/13000 ok=2699 fail=1 rate=0.40/s ETA=428m file=worldbank.jsonl
  2725/13000 ok=2724 fail=1 rate=0.40/s ETA=427m file=worldbank.jsonl
  2750/13000 ok=2749 fail=1 rate=0.40/s ETA=425m file=worldbank.jsonl
  2775/13000 ok=2774 fail=1 rate=0.40/s ETA=424m file=worldbank.jsonl
  2800/13000 ok=2799 fail=1 rate=0.40/s ETA=423m file=worldbank.jsonl
  2825/13000 ok=2824 fail=1 rate=0.40/s ETA=422m file=worldbank.jsonl
  2850/13000 ok=2849 fail=1 rate=0.40/s ETA=421m file=worldbank.jsonl
  2875/13000 ok=2874 fail=1 rate=0.40/s ETA=420m file=worldbank.jsonl
  2900/13000 ok=2899 fail=1 rate=0.40/s ETA=419m file=worldbank.jsonl
  2925/13000 ok=2924 fail=1 rate=0.40/s ETA=418m file=worldbank.jsonl
  2950/13000 ok=2949 fail=1 rate=0.40/s ETA=416m file=worldbank.jsonl
  2975/13000 ok=2974 fail=1 rate=0.40/s ETA=415m file=worldbank.jsonl
  3000/13000 ok=2999 fail=1 rate=0.40/s ETA=414m file=worldbank.jsonl
  3025/13000 ok=3024 fail=1 rate=0.40/s ETA=413m file=worldbank.jsonl
  3050/13000 ok=3049 fail=1 rate=0.40/s ETA=412m file=worldbank.jsonl
  3075/13000 ok=3074 fail=1 rate=0.40/s ETA=411m file=worldbank.jsonl
  3100/13000 ok=3099 fail=1 rate=0.40/s ETA=410m file=worldbank.jsonl
  3125/13000 ok=3124 fail=1 rate=0.40/s ETA=409m file=worldbank.jsonl
  3150/13000 ok=3149 fail=1 rate=0.40/s ETA=408m file=worldbank.jsonl
  3175/13000 ok=3174 fail=1 rate=0.40/s ETA=406m file=worldbank.jsonl
  3200/13000 ok=3199 fail=1 rate=0.40/s ETA=405m file=worldbank.jsonl
  3225/13000 ok=3224 fail=1 rate=0.40/s ETA=404m file=worldbank.jsonl
  3250/13000 ok=3249 fail=1 rate=0.40/s ETA=403m file=worldbank.jsonl
  3275/13000 ok=3274 fail=1 rate=0.40/s ETA=402m file=worldbank.jsonl
  3300/13000 ok=3299 fail=1 rate=0.40/s ETA=401m file=worldbank.jsonl
  3325/13000 ok=3324 fail=1 rate=0.40/s ETA=400m file=worldbank.jsonl
  3350/13000 ok=3349 fail=1 rate=0.40/s ETA=399m file=worldbank.jsonl
  3375/13000 ok=3374 fail=1 rate=0.40/s ETA=398m file=worldbank.jsonl
  3400/13000 ok=3399 fail=1 rate=0.40/s ETA=397m file=worldbank.jsonl
  3425/13000 ok=3424 fail=1 rate=0.40/s ETA=396m file=worldbank.jsonl
  3450/13000 ok=3449 fail=1 rate=0.40/s ETA=395m file=worldbank.jsonl
  3475/13000 ok=3474 fail=1 rate=0.40/s ETA=394m file=worldbank.jsonl
  3500/13000 ok=3499 fail=1 rate=0.40/s ETA=392m file=worldbank.jsonl
  3525/13000 ok=3524 fail=1 rate=0.40/s ETA=391m file=worldbank.jsonl
  3550/13000 ok=3549 fail=1 rate=0.40/s ETA=390m file=worldbank.jsonl
  3575/13000 ok=3574 fail=1 rate=0.40/s ETA=389m file=worldbank.jsonl
  3600/13000 ok=3599 fail=1 rate=0.40/s ETA=388m file=worldbank.jsonl
  3625/13000 ok=3624 fail=1 rate=0.40/s ETA=387m file=worldbank.jsonl
  3650/13000 ok=3649 fail=1 rate=0.40/s ETA=386m file=worldbank.jsonl
  3675/13000 ok=3674 fail=1 rate=0.40/s ETA=384m file=worldbank.jsonl
  3700/13000 ok=3699 fail=1 rate=0.40/s ETA=383m file=worldbank.jsonl
  3725/13000 ok=3724 fail=1 rate=0.40/s ETA=382m file=worldbank.jsonl
  3750/13000 ok=3749 fail=1 rate=0.40/s ETA=381m file=worldbank.jsonl
  3775/13000 ok=3774 fail=1 rate=0.40/s ETA=380m file=worldbank.jsonl
  3800/13000 ok=3799 fail=1 rate=0.41/s ETA=379m file=worldbank.jsonl
  3825/13000 ok=3824 fail=1 rate=0.41/s ETA=377m file=worldbank.jsonl
  3850/13000 ok=3849 fail=1 rate=0.41/s ETA=376m file=worldbank.jsonl
  3875/13000 ok=3874 fail=1 rate=0.41/s ETA=375m file=worldbank.jsonl
  3900/13000 ok=3899 fail=1 rate=0.41/s ETA=374m file=worldbank.jsonl
  3925/13000 ok=3924 fail=1 rate=0.41/s ETA=372m file=worldbank.jsonl
  3950/13000 ok=3949 fail=1 rate=0.41/s ETA=371m file=worldbank.jsonl
  3975/13000 ok=3974 fail=1 rate=0.41/s ETA=370m file=worldbank.jsonl
  4000/13000 ok=3999 fail=1 rate=0.41/s ETA=369m file=worldbank.jsonl
  4025/13000 ok=4024 fail=1 rate=0.41/s ETA=368m file=worldbank.jsonl
  4050/13000 ok=4049 fail=1 rate=0.41/s ETA=367m file=worldbank.jsonl
  4075/13000 ok=4074 fail=1 rate=0.41/s ETA=366m file=worldbank.jsonl
  4100/13000 ok=4099 fail=1 rate=0.41/s ETA=365m file=worldbank.jsonl
  4125/13000 ok=4124 fail=1 rate=0.41/s ETA=363m file=worldbank.jsonl
  4150/13000 ok=4149 fail=1 rate=0.41/s ETA=362m file=worldbank.jsonl
  4175/13000 ok=4174 fail=1 rate=0.41/s ETA=361m file=worldbank.jsonl
  4200/13000 ok=4199 fail=1 rate=0.41/s ETA=360m file=worldbank.jsonl
  4225/13000 ok=4224 fail=1 rate=0.41/s ETA=359m file=worldbank.jsonl
  4250/13000 ok=4249 fail=1 rate=0.41/s ETA=359m file=worldbank.jsonl
  4275/13000 ok=4274 fail=1 rate=0.41/s ETA=358m file=worldbank.jsonl
  4300/13000 ok=4299 fail=1 rate=0.41/s ETA=357m file=worldbank.jsonl
  4325/13000 ok=4324 fail=1 rate=0.41/s ETA=356m file=worldbank.jsonl
  4350/13000 ok=4349 fail=1 rate=0.41/s ETA=355m file=worldbank.jsonl
  4375/13000 ok=4374 fail=1 rate=0.41/s ETA=354m file=worldbank.jsonl
  4400/13000 ok=4399 fail=1 rate=0.41/s ETA=353m file=worldbank.jsonl
  4425/13000 ok=4424 fail=1 rate=0.41/s ETA=352m file=worldbank.jsonl
  4450/13000 ok=4449 fail=1 rate=0.41/s ETA=351m file=worldbank.jsonl
  4475/13000 ok=4474 fail=1 rate=0.41/s ETA=350m file=worldbank.jsonl
  4500/13000 ok=4499 fail=1 rate=0.41/s ETA=349m file=worldbank.jsonl
  4525/13000 ok=4524 fail=1 rate=0.41/s ETA=348m file=worldbank.jsonl
  4550/13000 ok=4549 fail=1 rate=0.41/s ETA=347m file=worldbank.jsonl
  4575/13000 ok=4574 fail=1 rate=0.41/s ETA=346m file=worldbank.jsonl
  4600/13000 ok=4599 fail=1 rate=0.41/s ETA=345m file=worldbank.jsonl
  4625/13000 ok=4624 fail=1 rate=0.41/s ETA=344m file=worldbank.jsonl
  4650/13000 ok=4649 fail=1 rate=0.41/s ETA=343m file=worldbank.jsonl
  4675/13000 ok=4674 fail=1 rate=0.41/s ETA=342m file=worldbank.jsonl
  4700/13000 ok=4699 fail=1 rate=0.41/s ETA=341m file=worldbank.jsonl
  4725/13000 ok=4724 fail=1 rate=0.41/s ETA=340m file=worldbank.jsonl
  4750/13000 ok=4749 fail=1 rate=0.41/s ETA=339m file=worldbank.jsonl
  4775/13000 ok=4774 fail=1 rate=0.41/s ETA=337m file=worldbank.jsonl
  4800/13000 ok=4799 fail=1 rate=0.41/s ETA=336m file=worldbank.jsonl
  4825/13000 ok=4824 fail=1 rate=0.41/s ETA=335m file=worldbank.jsonl
  4850/13000 ok=4849 fail=1 rate=0.41/s ETA=334m file=worldbank.jsonl
  4875/13000 ok=4874 fail=1 rate=0.41/s ETA=333m file=worldbank.jsonl
  4900/13000 ok=4899 fail=1 rate=0.41/s ETA=332m file=worldbank.jsonl
  4925/13000 ok=4924 fail=1 rate=0.41/s ETA=331m file=worldbank.jsonl
  4950/13000 ok=4949 fail=1 rate=0.41/s ETA=330m file=worldbank.jsonl
  4975/13000 ok=4974 fail=1 rate=0.41/s ETA=329m file=worldbank.jsonl
  5000/13000 ok=4999 fail=1 rate=0.41/s ETA=328m file=worldbank.jsonl
  5025/13000 ok=5024 fail=1 rate=0.41/s ETA=327m file=worldbank.jsonl
  5050/13000 ok=5049 fail=1 rate=0.41/s ETA=325m file=worldbank.jsonl
  5075/13000 ok=5074 fail=1 rate=0.41/s ETA=325m file=worldbank.jsonl
  5100/13000 ok=5099 fail=1 rate=0.41/s ETA=324m file=worldbank.jsonl
  5125/13000 ok=5124 fail=1 rate=0.41/s ETA=322m file=worldbank.jsonl
  5150/13000 ok=5149 fail=1 rate=0.41/s ETA=321m file=worldbank.jsonl
  5175/13000 ok=5174 fail=1 rate=0.41/s ETA=320m file=worldbank.jsonl
  5200/13000 ok=5199 fail=1 rate=0.41/s ETA=319m file=worldbank.jsonl
  5225/13000 ok=5224 fail=1 rate=0.41/s ETA=318m file=worldbank.jsonl
  5250/13000 ok=5249 fail=1 rate=0.41/s ETA=317m file=worldbank.jsonl
  5275/13000 ok=5274 fail=1 rate=0.41/s ETA=316m file=worldbank.jsonl
  5300/13000 ok=5299 fail=1 rate=0.41/s ETA=315m file=worldbank.jsonl
  5325/13000 ok=5324 fail=1 rate=0.41/s ETA=314m file=worldbank.jsonl
  5350/13000 ok=5349 fail=1 rate=0.41/s ETA=313m file=worldbank.jsonl
  5375/13000 ok=5374 fail=1 rate=0.41/s ETA=312m file=worldbank.jsonl
  5400/13000 ok=5399 fail=1 rate=0.41/s ETA=311m file=worldbank.jsonl
  5425/13000 ok=5424 fail=1 rate=0.41/s ETA=310m file=worldbank.jsonl
  5450/13000 ok=5449 fail=1 rate=0.41/s ETA=309m file=worldbank.jsonl
  5475/13000 ok=5474 fail=1 rate=0.41/s ETA=308m file=worldbank.jsonl
  5500/13000 ok=5499 fail=1 rate=0.41/s ETA=307m file=worldbank.jsonl
  5525/13000 ok=5524 fail=1 rate=0.41/s ETA=306m file=worldbank.jsonl
  5550/13000 ok=5549 fail=1 rate=0.41/s ETA=305m file=worldbank.jsonl
  5575/13000 ok=5574 fail=1 rate=0.41/s ETA=304m file=worldbank.jsonl
  5600/13000 ok=5599 fail=1 rate=0.41/s ETA=302m file=worldbank.jsonl
  5625/13000 ok=5624 fail=1 rate=0.41/s ETA=301m file=worldbank.jsonl
  5650/13000 ok=5649 fail=1 rate=0.41/s ETA=300m file=worldbank.jsonl
  5675/13000 ok=5674 fail=1 rate=0.41/s ETA=299m file=worldbank.jsonl
  5700/13000 ok=5699 fail=1 rate=0.41/s ETA=298m file=worldbank.jsonl
  5725/13000 ok=5724 fail=1 rate=0.41/s ETA=297m file=worldbank.jsonl
  5750/13000 ok=5749 fail=1 rate=0.41/s ETA=296m file=worldbank.jsonl
  5775/13000 ok=5774 fail=1 rate=0.41/s ETA=295m file=worldbank.jsonl
  5800/13000 ok=5799 fail=1 rate=0.41/s ETA=294m file=worldbank.jsonl
  5825/13000 ok=5824 fail=1 rate=0.41/s ETA=293m file=worldbank.jsonl
  5850/13000 ok=5849 fail=1 rate=0.41/s ETA=292m file=worldbank.jsonl
  5875/13000 ok=5874 fail=1 rate=0.41/s ETA=291m file=worldbank.jsonl
  5900/13000 ok=5899 fail=1 rate=0.41/s ETA=290m file=worldbank.jsonl
  5925/13000 ok=5924 fail=1 rate=0.41/s ETA=289m file=worldbank.jsonl
  5950/13000 ok=5949 fail=1 rate=0.41/s ETA=288m file=worldbank.jsonl
  5975/13000 ok=5974 fail=1 rate=0.41/s ETA=287m file=worldbank.jsonl
  6000/13000 ok=5999 fail=1 rate=0.41/s ETA=286m file=worldbank.jsonl
  6025/13000 ok=6024 fail=1 rate=0.41/s ETA=285m file=worldbank.jsonl
  6050/13000 ok=6049 fail=1 rate=0.41/s ETA=284m file=worldbank.jsonl
  6075/13000 ok=6074 fail=1 rate=0.41/s ETA=283m file=worldbank.jsonl
  6100/13000 ok=6099 fail=1 rate=0.41/s ETA=282m file=worldbank.jsonl
  6125/13000 ok=6124 fail=1 rate=0.41/s ETA=281m file=worldbank.jsonl
  6150/13000 ok=6149 fail=1 rate=0.41/s ETA=280m file=worldbank.jsonl
  6175/13000 ok=6174 fail=1 rate=0.41/s ETA=279m file=worldbank.jsonl
  6200/13000 ok=6199 fail=1 rate=0.41/s ETA=278m file=worldbank.jsonl
  6225/13000 ok=6224 fail=1 rate=0.41/s ETA=277m file=worldbank.jsonl
  6250/13000 ok=6249 fail=1 rate=0.41/s ETA=276m file=worldbank.jsonl
  6275/13000 ok=6274 fail=1 rate=0.41/s ETA=275m file=worldbank.jsonl
  6300/13000 ok=6299 fail=1 rate=0.41/s ETA=274m file=worldbank.jsonl
  6325/13000 ok=6324 fail=1 rate=0.41/s ETA=273m file=worldbank.jsonl
  6350/13000 ok=6349 fail=1 rate=0.41/s ETA=272m file=worldbank.jsonl
  6375/13000 ok=6374 fail=1 rate=0.41/s ETA=270m file=worldbank.jsonl
  6400/13000 ok=6399 fail=1 rate=0.41/s ETA=269m file=worldbank.jsonl
  6425/13000 ok=6424 fail=1 rate=0.41/s ETA=268m file=worldbank.jsonl
  6450/13000 ok=6449 fail=1 rate=0.41/s ETA=267m file=worldbank.jsonl
  6475/13000 ok=6474 fail=1 rate=0.41/s ETA=266m file=la-controller.jsonl
  6500/13000 ok=6499 fail=1 rate=0.41/s ETA=265m file=maryland-internal.jsonl
  6525/13000 ok=6524 fail=1 rate=0.41/s ETA=264m file=maryland-internal.jsonl
  6550/13000 ok=6549 fail=1 rate=0.41/s ETA=263m file=maryland-internal.jsonl
  6575/13000 ok=6574 fail=1 rate=0.41/s ETA=262m file=maryland-internal.jsonl
  6600/13000 ok=6599 fail=1 rate=0.41/s ETA=261m file=maryland-internal.jsonl
  6625/13000 ok=6624 fail=1 rate=0.41/s ETA=260m file=maryland-internal.jsonl
  6650/13000 ok=6649 fail=1 rate=0.41/s ETA=259m file=maryland-internal.jsonl
  6675/13000 ok=6674 fail=1 rate=0.41/s ETA=258m file=maryland-internal.jsonl
  6700/13000 ok=6699 fail=1 rate=0.41/s ETA=257m file=maryland-internal.jsonl
  6725/13000 ok=6724 fail=1 rate=0.41/s ETA=256m file=maryland-internal.jsonl
  6750/13000 ok=6749 fail=1 rate=0.41/s ETA=255m file=maryland-internal.jsonl
  6775/13000 ok=6774 fail=1 rate=0.41/s ETA=254m file=maryland-internal.jsonl
  6800/13000 ok=6799 fail=1 rate=0.41/s ETA=253m file=maryland-internal.jsonl
  6825/13000 ok=6824 fail=1 rate=0.41/s ETA=252m file=maryland-internal.jsonl
  6850/13000 ok=6849 fail=1 rate=0.41/s ETA=251m file=maryland-internal.jsonl
  6875/13000 ok=6874 fail=1 rate=0.41/s ETA=250m file=maryland-internal.jsonl
  6900/13000 ok=6899 fail=1 rate=0.41/s ETA=249m file=maryland-internal.jsonl
  6925/13000 ok=6924 fail=1 rate=0.41/s ETA=248m file=maryland-internal.jsonl
  6950/13000 ok=6949 fail=1 rate=0.41/s ETA=247m file=maryland-internal.jsonl
  6975/13000 ok=6974 fail=1 rate=0.41/s ETA=246m file=maryland-internal.jsonl
  7000/13000 ok=6999 fail=1 rate=0.41/s ETA=245m file=maryland-internal.jsonl
  7025/13000 ok=7024 fail=1 rate=0.41/s ETA=243m file=maryland-internal.jsonl
  7050/13000 ok=7049 fail=1 rate=0.41/s ETA=242m file=maryland-internal.jsonl
  7075/13000 ok=7074 fail=1 rate=0.41/s ETA=241m file=maryland-internal.jsonl
  7100/13000 ok=7099 fail=1 rate=0.41/s ETA=240m file=maryland-internal.jsonl
  7125/13000 ok=7124 fail=1 rate=0.41/s ETA=239m file=maryland-internal.jsonl
  7150/13000 ok=7149 fail=1 rate=0.41/s ETA=238m file=maryland-internal.jsonl
  7175/13000 ok=7174 fail=1 rate=0.41/s ETA=237m file=maryland-internal.jsonl
  7200/13000 ok=7199 fail=1 rate=0.41/s ETA=236m file=maryland-internal.jsonl
  7225/13000 ok=7224 fail=1 rate=0.41/s ETA=235m file=maryland-internal.jsonl
  7250/13000 ok=7249 fail=1 rate=0.41/s ETA=234m file=ny-health.jsonl
  7275/13000 ok=7274 fail=1 rate=0.41/s ETA=233m file=ny-health.jsonl
  7300/13000 ok=7299 fail=1 rate=0.41/s ETA=232m file=ny-health.jsonl
  7325/13000 ok=7324 fail=1 rate=0.41/s ETA=231m file=ny-health.jsonl
  7350/13000 ok=7349 fail=1 rate=0.41/s ETA=230m file=ny-health.jsonl
  7375/13000 ok=7374 fail=1 rate=0.41/s ETA=229m file=ny-health.jsonl
  7400/13000 ok=7399 fail=1 rate=0.41/s ETA=228m file=ny-health.jsonl
  7425/13000 ok=7424 fail=1 rate=0.41/s ETA=227m file=ny-health.jsonl
  7450/13000 ok=7449 fail=1 rate=0.41/s ETA=226m file=us-federal-bts.jsonl
  7475/13000 ok=7474 fail=1 rate=0.41/s ETA=225m file=us-federal-bts.jsonl
  7500/13000 ok=7499 fail=1 rate=0.41/s ETA=224m file=us-federal-cdc.jsonl
  7525/13000 ok=7524 fail=1 rate=0.41/s ETA=223m file=us-federal-cdc.jsonl
  7550/13000 ok=7549 fail=1 rate=0.41/s ETA=222m file=us-federal-cdc.jsonl
  7575/13000 ok=7574 fail=1 rate=0.41/s ETA=221m file=us-federal-cdc.jsonl
  7600/13000 ok=7599 fail=1 rate=0.41/s ETA=220m file=us-federal-cdc.jsonl
  7625/13000 ok=7624 fail=1 rate=0.41/s ETA=219m file=us-federal-cdc.jsonl
  7650/13000 ok=7649 fail=1 rate=0.41/s ETA=218m file=us-federal-cdc.jsonl
  7675/13000 ok=7674 fail=1 rate=0.41/s ETA=217m file=us-federal-cdc.jsonl
  7700/13000 ok=7699 fail=1 rate=0.41/s ETA=216m file=us-federal-cdc.jsonl
  7725/13000 ok=7724 fail=1 rate=0.41/s ETA=215m file=us-federal-cdc.jsonl
  7750/13000 ok=7749 fail=1 rate=0.41/s ETA=214m file=us-federal-cdc.jsonl
  7775/13000 ok=7774 fail=1 rate=0.41/s ETA=213m file=us-federal-cdc.jsonl
  7800/13000 ok=7799 fail=1 rate=0.41/s ETA=212m file=us-federal-cdc.jsonl
  7825/13000 ok=7824 fail=1 rate=0.41/s ETA=211m file=us-federal-cdc.jsonl
  7850/13000 ok=7849 fail=1 rate=0.41/s ETA=210m file=us-federal-cdc.jsonl
  7875/13000 ok=7874 fail=1 rate=0.41/s ETA=209m file=us-federal-cdc.jsonl
  7900/13000 ok=7899 fail=1 rate=0.41/s ETA=208m file=us-federal-cdc.jsonl
  7925/13000 ok=7924 fail=1 rate=0.41/s ETA=207m file=us-federal-cdc.jsonl
  7950/13000 ok=7949 fail=1 rate=0.41/s ETA=206m file=us-federal-cdc.jsonl
  7975/13000 ok=7974 fail=1 rate=0.41/s ETA=205m file=us-federal-cdc.jsonl
  8000/13000 ok=7999 fail=1 rate=0.41/s ETA=204m file=us-federal-cdc.jsonl
  8025/13000 ok=8024 fail=1 rate=0.41/s ETA=203m file=us-federal-cdc.jsonl
  8050/13000 ok=8049 fail=1 rate=0.41/s ETA=202m file=us-federal-cdc.jsonl
  8075/13000 ok=8074 fail=1 rate=0.41/s ETA=201m file=us-federal-cdc.jsonl
  8100/13000 ok=8099 fail=1 rate=0.41/s ETA=200m file=us-federal-cdc.jsonl
  8125/13000 ok=8124 fail=1 rate=0.41/s ETA=200m file=us-federal-cdc.jsonl
  8150/13000 ok=8149 fail=1 rate=0.41/s ETA=199m file=us-federal-cdc.jsonl
  8175/13000 ok=8174 fail=1 rate=0.41/s ETA=198m file=us-federal-cdc.jsonl
  8200/13000 ok=8199 fail=1 rate=0.41/s ETA=197m file=us-federal-cdc.jsonl
  8225/13000 ok=8224 fail=1 rate=0.41/s ETA=196m file=us-federal-cdc.jsonl
  8250/13000 ok=8249 fail=1 rate=0.41/s ETA=195m file=us-federal-cdc.jsonl
  8275/13000 ok=8274 fail=1 rate=0.41/s ETA=194m file=us-federal-dot.jsonl
  8300/13000 ok=8299 fail=1 rate=0.41/s ETA=193m file=us-federal-dot.jsonl
  8325/13000 ok=8324 fail=1 rate=0.41/s ETA=192m file=us-federal-dot.jsonl
  8350/13000 ok=8349 fail=1 rate=0.41/s ETA=191m file=us-federal-dot.jsonl
  8375/13000 ok=8374 fail=1 rate=0.41/s ETA=190m file=us-federal-dot.jsonl
  8400/13000 ok=8399 fail=1 rate=0.41/s ETA=189m file=us-federal-dot.jsonl
  8425/13000 ok=8424 fail=1 rate=0.41/s ETA=188m file=us-federal-dot.jsonl
  8450/13000 ok=8449 fail=1 rate=0.41/s ETA=187m file=us-federal-dot.jsonl
  8475/13000 ok=8474 fail=1 rate=0.41/s ETA=186m file=us-federal-dot.jsonl
  8500/13000 ok=8499 fail=1 rate=0.41/s ETA=185m file=us-federal-dot.jsonl
  8525/13000 ok=8524 fail=1 rate=0.41/s ETA=184m file=us-federal-hhs.jsonl
  8550/13000 ok=8549 fail=1 rate=0.41/s ETA=182m file=us-federal-hhs.jsonl
  8575/13000 ok=8574 fail=1 rate=0.41/s ETA=181m file=us-federal-nasa.jsonl
  8600/13000 ok=8599 fail=1 rate=0.41/s ETA=180m file=usac.jsonl
  8625/13000 ok=8624 fail=1 rate=0.41/s ETA=179m file=ca-controller.jsonl
  8650/13000 ok=8649 fail=1 rate=0.41/s ETA=178m file=us-federal-energystar.jsonl
  8675/13000 ok=8674 fail=1 rate=0.41/s ETA=177m file=us-federal-energystar.jsonl
  8700/13000 ok=8699 fail=1 rate=0.41/s ETA=176m file=us-federal-fcc.jsonl
  8725/13000 ok=8724 fail=1 rate=0.41/s ETA=175m file=datagov-doe.jsonl
  8750/13000 ok=8749 fail=1 rate=0.41/s ETA=174m file=eurostat.jsonl
  8775/13000 ok=8774 fail=1 rate=0.41/s ETA=173m file=eurostat.jsonl
  8800/13000 ok=8799 fail=1 rate=0.41/s ETA=172m file=eurostat.jsonl
  8825/13000 ok=8824 fail=1 rate=0.41/s ETA=171m file=eurostat.jsonl
  8850/13000 ok=8849 fail=1 rate=0.41/s ETA=170m file=eurostat.jsonl
  8875/13000 ok=8874 fail=1 rate=0.41/s ETA=169m file=eurostat.jsonl
  8900/13000 ok=8899 fail=1 rate=0.41/s ETA=168m file=eurostat.jsonl
  8925/13000 ok=8924 fail=1 rate=0.41/s ETA=167m file=eurostat.jsonl
  8950/13000 ok=8949 fail=1 rate=0.41/s ETA=166m file=eurostat.jsonl
  8975/13000 ok=8974 fail=1 rate=0.41/s ETA=165m file=eurostat.jsonl
  9000/13000 ok=8999 fail=1 rate=0.41/s ETA=164m file=eurostat.jsonl
  9025/13000 ok=9024 fail=1 rate=0.41/s ETA=163m file=eurostat.jsonl
  9050/13000 ok=9049 fail=1 rate=0.41/s ETA=162m file=eurostat.jsonl
  9075/13000 ok=9074 fail=1 rate=0.41/s ETA=161m file=eurostat.jsonl
  9100/13000 ok=9099 fail=1 rate=0.41/s ETA=160m file=eurostat.jsonl
  9125/13000 ok=9124 fail=1 rate=0.41/s ETA=159m file=eurostat.jsonl
  9150/13000 ok=9149 fail=1 rate=0.41/s ETA=158m file=eurostat.jsonl
  9175/13000 ok=9174 fail=1 rate=0.41/s ETA=157m file=eurostat.jsonl
  9200/13000 ok=9199 fail=1 rate=0.41/s ETA=156m file=eurostat.jsonl
  9225/13000 ok=9224 fail=1 rate=0.41/s ETA=155m file=eurostat.jsonl
  9250/13000 ok=9249 fail=1 rate=0.41/s ETA=154m file=eurostat.jsonl
  9275/13000 ok=9274 fail=1 rate=0.41/s ETA=153m file=eurostat.jsonl
  9300/13000 ok=9299 fail=1 rate=0.41/s ETA=152m file=eurostat.jsonl
  9325/13000 ok=9324 fail=1 rate=0.41/s ETA=151m file=eurostat.jsonl
  9350/13000 ok=9349 fail=1 rate=0.41/s ETA=150m file=eurostat.jsonl
  9375/13000 ok=9374 fail=1 rate=0.41/s ETA=149m file=eurostat.jsonl
  9400/13000 ok=9399 fail=1 rate=0.41/s ETA=148m file=eurostat.jsonl
  9425/13000 ok=9424 fail=1 rate=0.41/s ETA=146m file=eurostat.jsonl
  9450/13000 ok=9449 fail=1 rate=0.41/s ETA=145m file=eurostat.jsonl
  9475/13000 ok=9474 fail=1 rate=0.41/s ETA=144m file=eurostat.jsonl
  9500/13000 ok=9499 fail=1 rate=0.41/s ETA=143m file=eurostat.jsonl
  9525/13000 ok=9524 fail=1 rate=0.41/s ETA=142m file=eurostat.jsonl
  9550/13000 ok=9549 fail=1 rate=0.41/s ETA=141m file=eurostat.jsonl
  9575/13000 ok=9574 fail=1 rate=0.41/s ETA=140m file=eurostat.jsonl
  9600/13000 ok=9599 fail=1 rate=0.41/s ETA=139m file=eurostat.jsonl
  9625/13000 ok=9624 fail=1 rate=0.41/s ETA=138m file=eurostat.jsonl
  9650/13000 ok=9649 fail=1 rate=0.41/s ETA=137m file=eurostat.jsonl
  9675/13000 ok=9674 fail=1 rate=0.41/s ETA=136m file=eurostat.jsonl
  9700/13000 ok=9699 fail=1 rate=0.41/s ETA=135m file=eurostat.jsonl
  9725/13000 ok=9724 fail=1 rate=0.41/s ETA=134m file=eurostat.jsonl
  9750/13000 ok=9749 fail=1 rate=0.41/s ETA=133m file=eurostat.jsonl
  9775/13000 ok=9774 fail=1 rate=0.41/s ETA=132m file=eurostat.jsonl
  9800/13000 ok=9799 fail=1 rate=0.41/s ETA=131m file=eurostat.jsonl
  9825/13000 ok=9824 fail=1 rate=0.41/s ETA=130m file=eurostat.jsonl
  9850/13000 ok=9849 fail=1 rate=0.41/s ETA=129m file=eurostat.jsonl
  9875/13000 ok=9874 fail=1 rate=0.41/s ETA=128m file=eurostat.jsonl
  9900/13000 ok=9899 fail=1 rate=0.41/s ETA=127m file=eurostat.jsonl
  9925/13000 ok=9924 fail=1 rate=0.41/s ETA=126m file=eurostat.jsonl
  9950/13000 ok=9949 fail=1 rate=0.41/s ETA=125m file=eurostat.jsonl
  9975/13000 ok=9974 fail=1 rate=0.41/s ETA=124m file=eurostat.jsonl
  10000/13000 ok=9999 fail=1 rate=0.41/s ETA=123m file=eurostat.jsonl
  10025/13000 ok=10024 fail=1 rate=0.41/s ETA=122m file=eurostat.jsonl
  10050/13000 ok=10049 fail=1 rate=0.41/s ETA=121m file=eurostat.jsonl
  10075/13000 ok=10074 fail=1 rate=0.41/s ETA=120m file=eurostat.jsonl
  10100/13000 ok=10099 fail=1 rate=0.41/s ETA=119m file=eurostat.jsonl
  10125/13000 ok=10124 fail=1 rate=0.41/s ETA=118m file=eurostat.jsonl
  10150/13000 ok=10149 fail=1 rate=0.41/s ETA=116m file=eurostat.jsonl
  10175/13000 ok=10174 fail=1 rate=0.41/s ETA=115m file=eurostat.jsonl
  10200/13000 ok=10199 fail=1 rate=0.41/s ETA=114m file=eurostat.jsonl
  10225/13000 ok=10224 fail=1 rate=0.41/s ETA=113m file=eurostat.jsonl
  10250/13000 ok=10249 fail=1 rate=0.41/s ETA=112m file=eurostat.jsonl
  10275/13000 ok=10274 fail=1 rate=0.41/s ETA=111m file=eurostat.jsonl
  10300/13000 ok=10299 fail=1 rate=0.41/s ETA=110m file=eurostat.jsonl
  10325/13000 ok=10324 fail=1 rate=0.41/s ETA=109m file=eurostat.jsonl
  10350/13000 ok=10349 fail=1 rate=0.41/s ETA=108m file=eurostat.jsonl
  10375/13000 ok=10374 fail=1 rate=0.41/s ETA=107m file=eurostat.jsonl
  10400/13000 ok=10399 fail=1 rate=0.41/s ETA=106m file=eurostat.jsonl
  10425/13000 ok=10424 fail=1 rate=0.41/s ETA=105m file=eurostat.jsonl
  10450/13000 ok=10449 fail=1 rate=0.41/s ETA=104m file=eurostat.jsonl
  10475/13000 ok=10474 fail=1 rate=0.41/s ETA=103m file=eurostat.jsonl
  10500/13000 ok=10499 fail=1 rate=0.41/s ETA=102m file=eurostat.jsonl
  10525/13000 ok=10524 fail=1 rate=0.41/s ETA=101m file=eurostat.jsonl
  10550/13000 ok=10549 fail=1 rate=0.41/s ETA=100m file=eurostat.jsonl
  10575/13000 ok=10574 fail=1 rate=0.41/s ETA=99m file=eurostat.jsonl
  10600/13000 ok=10599 fail=1 rate=0.41/s ETA=98m file=eurostat.jsonl
  10625/13000 ok=10624 fail=1 rate=0.41/s ETA=97m file=eurostat.jsonl
  10650/13000 ok=10649 fail=1 rate=0.41/s ETA=96m file=eurostat.jsonl
  10675/13000 ok=10674 fail=1 rate=0.41/s ETA=95m file=eurostat.jsonl
  10700/13000 ok=10699 fail=1 rate=0.41/s ETA=94m file=eurostat.jsonl
  10725/13000 ok=10724 fail=1 rate=0.41/s ETA=93m file=eurostat.jsonl
  10750/13000 ok=10749 fail=1 rate=0.41/s ETA=92m file=eurostat.jsonl
  10775/13000 ok=10774 fail=1 rate=0.41/s ETA=91m file=eurostat.jsonl
  10800/13000 ok=10799 fail=1 rate=0.41/s ETA=90m file=eurostat.jsonl
  10825/13000 ok=10824 fail=1 rate=0.41/s ETA=89m file=eurostat.jsonl
  10850/13000 ok=10849 fail=1 rate=0.41/s ETA=88m file=eurostat.jsonl
  10875/13000 ok=10874 fail=1 rate=0.41/s ETA=87m file=eurostat.jsonl
  10900/13000 ok=10899 fail=1 rate=0.41/s ETA=85m file=eurostat.jsonl
  10925/13000 ok=10924 fail=1 rate=0.41/s ETA=84m file=eurostat.jsonl
  10950/13000 ok=10949 fail=1 rate=0.41/s ETA=83m file=eurostat.jsonl
  10975/13000 ok=10974 fail=1 rate=0.41/s ETA=82m file=eurostat.jsonl
  11000/13000 ok=10999 fail=1 rate=0.41/s ETA=81m file=eurostat.jsonl
  11025/13000 ok=11024 fail=1 rate=0.41/s ETA=80m file=eurostat.jsonl
  11050/13000 ok=11049 fail=1 rate=0.41/s ETA=79m file=eurostat.jsonl
  11075/13000 ok=11074 fail=1 rate=0.41/s ETA=78m file=eurostat.jsonl
  11100/13000 ok=11099 fail=1 rate=0.41/s ETA=77m file=eurostat.jsonl
  11125/13000 ok=11124 fail=1 rate=0.41/s ETA=76m file=eurostat.jsonl
  11150/13000 ok=11149 fail=1 rate=0.41/s ETA=75m file=eurostat.jsonl
  11175/13000 ok=11174 fail=1 rate=0.41/s ETA=74m file=eurostat.jsonl
  11200/13000 ok=11199 fail=1 rate=0.41/s ETA=73m file=eurostat.jsonl
  11225/13000 ok=11224 fail=1 rate=0.41/s ETA=72m file=eurostat.jsonl
  11250/13000 ok=11249 fail=1 rate=0.41/s ETA=71m file=eurostat.jsonl
  11275/13000 ok=11274 fail=1 rate=0.41/s ETA=70m file=eurostat.jsonl
  11300/13000 ok=11299 fail=1 rate=0.41/s ETA=69m file=eurostat.jsonl
  11325/13000 ok=11324 fail=1 rate=0.41/s ETA=68m file=eurostat.jsonl
  11350/13000 ok=11349 fail=1 rate=0.41/s ETA=67m file=eurostat.jsonl
  11375/13000 ok=11374 fail=1 rate=0.41/s ETA=66m file=eurostat.jsonl
  11400/13000 ok=11399 fail=1 rate=0.41/s ETA=65m file=eurostat.jsonl
  11425/13000 ok=11424 fail=1 rate=0.41/s ETA=64m file=eurostat.jsonl
  11450/13000 ok=11449 fail=1 rate=0.41/s ETA=63m file=eurostat.jsonl
  11475/13000 ok=11474 fail=1 rate=0.41/s ETA=62m file=eurostat.jsonl
  11500/13000 ok=11499 fail=1 rate=0.41/s ETA=61m file=eurostat.jsonl
  11525/13000 ok=11524 fail=1 rate=0.41/s ETA=60m file=eurostat.jsonl
  11550/13000 ok=11549 fail=1 rate=0.41/s ETA=59m file=eurostat.jsonl
  11575/13000 ok=11574 fail=1 rate=0.41/s ETA=58m file=eurostat.jsonl
  11600/13000 ok=11599 fail=1 rate=0.41/s ETA=57m file=eurostat.jsonl
  11625/13000 ok=11624 fail=1 rate=0.41/s ETA=56m file=eurostat.jsonl
  11650/13000 ok=11649 fail=1 rate=0.41/s ETA=55m file=eurostat.jsonl
  11675/13000 ok=11674 fail=1 rate=0.41/s ETA=54m file=eurostat.jsonl
  11700/13000 ok=11699 fail=1 rate=0.41/s ETA=53m file=eurostat.jsonl
  11725/13000 ok=11724 fail=1 rate=0.41/s ETA=52m file=eurostat.jsonl
  11750/13000 ok=11749 fail=1 rate=0.41/s ETA=51m file=eurostat.jsonl
  11775/13000 ok=11774 fail=1 rate=0.41/s ETA=50m file=eurostat.jsonl
  11800/13000 ok=11799 fail=1 rate=0.41/s ETA=49m file=eurostat.jsonl
  11825/13000 ok=11824 fail=1 rate=0.41/s ETA=48m file=eurostat.jsonl
  11850/13000 ok=11849 fail=1 rate=0.41/s ETA=47m file=eurostat.jsonl
  11875/13000 ok=11874 fail=1 rate=0.41/s ETA=46m file=eurostat.jsonl
  11900/13000 ok=11899 fail=1 rate=0.41/s ETA=45m file=eurostat.jsonl
  11925/13000 ok=11924 fail=1 rate=0.41/s ETA=44m file=eurostat.jsonl
  11950/13000 ok=11949 fail=1 rate=0.41/s ETA=43m file=eurostat.jsonl
  11975/13000 ok=11974 fail=1 rate=0.41/s ETA=42m file=eurostat.jsonl
  12000/13000 ok=11999 fail=1 rate=0.41/s ETA=41m file=eurostat.jsonl
  12025/13000 ok=12024 fail=1 rate=0.41/s ETA=40m file=eurostat.jsonl
  12050/13000 ok=12049 fail=1 rate=0.41/s ETA=39m file=eurostat.jsonl
  12075/13000 ok=12074 fail=1 rate=0.41/s ETA=38m file=eurostat.jsonl
  12100/13000 ok=12099 fail=1 rate=0.41/s ETA=37m file=eurostat.jsonl
  12125/13000 ok=12124 fail=1 rate=0.41/s ETA=36m file=eurostat.jsonl
  12150/13000 ok=12149 fail=1 rate=0.41/s ETA=35m file=eurostat.jsonl
  12175/13000 ok=12174 fail=1 rate=0.41/s ETA=33m file=eurostat.jsonl
  12200/13000 ok=12199 fail=1 rate=0.41/s ETA=32m file=eurostat.jsonl
  12225/13000 ok=12224 fail=1 rate=0.41/s ETA=31m file=eurostat.jsonl
  12250/13000 ok=12249 fail=1 rate=0.41/s ETA=30m file=eurostat.jsonl
  12275/13000 ok=12274 fail=1 rate=0.41/s ETA=29m file=eurostat.jsonl
  12300/13000 ok=12299 fail=1 rate=0.41/s ETA=28m file=eurostat.jsonl
  12325/13000 ok=12324 fail=1 rate=0.41/s ETA=27m file=eurostat.jsonl
  12350/13000 ok=12349 fail=1 rate=0.41/s ETA=26m file=eurostat.jsonl
  12375/13000 ok=12374 fail=1 rate=0.41/s ETA=25m file=eurostat.jsonl
  12400/13000 ok=12399 fail=1 rate=0.41/s ETA=24m file=eurostat.jsonl
  12425/13000 ok=12424 fail=1 rate=0.41/s ETA=23m file=eurostat.jsonl
  12450/13000 ok=12449 fail=1 rate=0.41/s ETA=22m file=eurostat.jsonl
  12475/13000 ok=12474 fail=1 rate=0.41/s ETA=21m file=eurostat.jsonl
  12500/13000 ok=12499 fail=1 rate=0.41/s ETA=20m file=eurostat.jsonl
  12525/13000 ok=12524 fail=1 rate=0.41/s ETA=19m file=eurostat.jsonl
  12550/13000 ok=12549 fail=1 rate=0.41/s ETA=18m file=eurostat.jsonl
  12575/13000 ok=12574 fail=1 rate=0.41/s ETA=17m file=eurostat.jsonl
  12600/13000 ok=12599 fail=1 rate=0.41/s ETA=16m file=eurostat.jsonl
  12625/13000 ok=12624 fail=1 rate=0.41/s ETA=15m file=eurostat.jsonl
  12650/13000 ok=12649 fail=1 rate=0.41/s ETA=14m file=eurostat.jsonl
  12675/13000 ok=12674 fail=1 rate=0.41/s ETA=13m file=eurostat.jsonl
  12700/13000 ok=12699 fail=1 rate=0.41/s ETA=12m file=eurostat.jsonl
  12725/13000 ok=12724 fail=1 rate=0.41/s ETA=11m file=eurostat.jsonl
  12750/13000 ok=12749 fail=1 rate=0.41/s ETA=10m file=eurostat.jsonl
  12775/13000 ok=12774 fail=1 rate=0.41/s ETA=9m file=eurostat.jsonl
  12800/13000 ok=12799 fail=1 rate=0.41/s ETA=8m file=eurostat.jsonl
  12825/13000 ok=12824 fail=1 rate=0.41/s ETA=7m file=eurostat.jsonl
  12850/13000 ok=12849 fail=1 rate=0.41/s ETA=6m file=eurostat.jsonl
  12875/13000 ok=12874 fail=1 rate=0.41/s ETA=5m file=eurostat.jsonl
  12900/13000 ok=12899 fail=1 rate=0.41/s ETA=4m file=eurostat.jsonl
  12925/13000 ok=12924 fail=1 rate=0.41/s ETA=3m file=eurostat.jsonl
  12950/13000 ok=12949 fail=1 rate=0.41/s ETA=2m file=eurostat.jsonl
  12975/13000 ok=12974 fail=1 rate=0.41/s ETA=1m file=eurostat.jsonl
  13000/13000 ok=12999 fail=1 rate=0.41/s ETA=0m file=eurostat.jsonl
Done. Total 13000, ok 12999, fail 1, 526.9 min, 0.41/s
